<?xml version="1.0" encoding="UTF-8"?>
<testsuite name="com.mindex.challenge.controller.CompensationControllerTest" tests="4" skipped="0" failures="0" errors="0" timestamp="2022-06-01T03:55:07" hostname="esmacmini2019.lan" time="0.089">
  <properties/>
  <testcase name="testRead_noRequestParam" classname="com.mindex.challenge.controller.CompensationControllerTest" time="0.014"/>
  <testcase name="testRead" classname="com.mindex.challenge.controller.CompensationControllerTest" time="0.019"/>
  <testcase name="testCreate_noRequestBody" classname="com.mindex.challenge.controller.CompensationControllerTest" time="0.018"/>
  <testcase name="testCreate" classname="com.mindex.challenge.controller.CompensationControllerTest" time="0.034"/>
  <system-out><![CDATA[2022-05-31 23:55:07.329  INFO 2522 --- [    Test worker] .b.t.c.SpringBootTestContextBootstrapper : Neither @ContextConfiguration nor @ContextHierarchy found for test class [com.mindex.challenge.controller.CompensationControllerTest], using SpringBootContextLoader
2022-05-31 23:55:07.330  INFO 2522 --- [    Test worker] o.s.t.c.support.AbstractContextLoader    : Could not detect default resource locations for test class [com.mindex.challenge.controller.CompensationControllerTest]: no resource found for suffixes {-context.xml, Context.groovy}.
2022-05-31 23:55:07.330  INFO 2522 --- [    Test worker] t.c.s.AnnotationConfigContextLoaderUtils : Could not detect default configuration classes for test class [com.mindex.challenge.controller.CompensationControllerTest]: CompensationControllerTest does not declare any static, non-private, non-final, nested classes annotated with @Configuration.
2022-05-31 23:55:07.331  INFO 2522 --- [    Test worker] .b.t.c.SpringBootTestContextBootstrapper : Found @SpringBootConfiguration com.mindex.challenge.ChallengeApplication for test class com.mindex.challenge.controller.CompensationControllerTest
2022-05-31 23:55:07.332  INFO 2522 --- [    Test worker] .b.t.c.SpringBootTestContextBootstrapper : Loaded default TestExecutionListener class names from location [META-INF/spring.factories]: [org.springframework.boot.test.autoconfigure.restdocs.RestDocsTestExecutionListener, org.springframework.boot.test.autoconfigure.web.client.MockRestServiceServerResetTestExecutionListener, org.springframework.boot.test.autoconfigure.web.servlet.MockMvcPrintOnlyOnFailureTestExecutionListener, org.springframework.boot.test.autoconfigure.web.servlet.WebDriverTestExecutionListener, org.springframework.boot.test.mock.mockito.MockitoTestExecutionListener, org.springframework.boot.test.mock.mockito.ResetMocksTestExecutionListener, org.springframework.test.context.web.ServletTestExecutionListener, org.springframework.test.context.support.DirtiesContextBeforeModesTestExecutionListener, org.springframework.test.context.support.DependencyInjectionTestExecutionListener, org.springframework.test.context.support.DirtiesContextTestExecutionListener, org.springframework.test.context.transaction.TransactionalTestExecutionListener, org.springframework.test.context.jdbc.SqlScriptsTestExecutionListener, org.springframework.test.context.event.EventPublishingTestExecutionListener]
2022-05-31 23:55:07.332  INFO 2522 --- [    Test worker] .b.t.c.SpringBootTestContextBootstrapper : Using TestExecutionListeners: [org.springframework.test.context.web.ServletTestExecutionListener@f380da2, org.springframework.test.context.support.DirtiesContextBeforeModesTestExecutionListener@2fb8850a, org.springframework.boot.test.mock.mockito.MockitoTestExecutionListener@1c472ae1, org.springframework.boot.test.autoconfigure.SpringBootDependencyInjectionTestExecutionListener@22c77be3, org.springframework.test.context.support.DirtiesContextTestExecutionListener@6d5d3704, org.springframework.test.context.transaction.TransactionalTestExecutionListener@6a66f70, org.springframework.test.context.jdbc.SqlScriptsTestExecutionListener@23134d67, org.springframework.test.context.event.EventPublishingTestExecutionListener@3a123285, org.springframework.boot.test.autoconfigure.restdocs.RestDocsTestExecutionListener@3ef3c7d4, org.springframework.boot.test.autoconfigure.web.client.MockRestServiceServerResetTestExecutionListener@b9bf295, org.springframework.boot.test.autoconfigure.web.servlet.MockMvcPrintOnlyOnFailureTestExecutionListener@325aeef4, org.springframework.boot.test.autoconfigure.web.servlet.WebDriverTestExecutionListener@19777420, org.springframework.boot.test.mock.mockito.ResetMocksTestExecutionListener@391acdbd]
2022-05-31 23:55:07.354  INFO 2522 --- [    Test worker] o.s.mock.web.MockServletContext          : Initializing Spring TestDispatcherServlet ''
2022-05-31 23:55:07.354  INFO 2522 --- [    Test worker] o.s.t.web.servlet.TestDispatcherServlet  : Initializing Servlet ''
2022-05-31 23:55:07.354  INFO 2522 --- [    Test worker] o.s.t.web.servlet.TestDispatcherServlet  : Completed initialization in 0 ms
2022-05-31 23:55:07.356  WARN 2522 --- [    Test worker] .w.s.m.s.DefaultHandlerExceptionResolver : Resolved [org.springframework.web.HttpRequestMethodNotSupportedException: Request method 'GET' not supported]
2022-05-31 23:55:07.368  INFO 2522 --- [    Test worker] o.s.mock.web.MockServletContext          : Initializing Spring TestDispatcherServlet ''
2022-05-31 23:55:07.368  INFO 2522 --- [    Test worker] o.s.t.web.servlet.TestDispatcherServlet  : Initializing Servlet ''
2022-05-31 23:55:07.368  INFO 2522 --- [    Test worker] o.s.t.web.servlet.TestDispatcherServlet  : Completed initialization in 0 ms
2022-05-31 23:55:07.369 DEBUG 2522 --- [    Test worker] c.m.c.controller.CompensationController  : Received compensation read request for [1]
2022-05-31 23:55:07.386  INFO 2522 --- [    Test worker] o.s.mock.web.MockServletContext          : Initializing Spring TestDispatcherServlet ''
2022-05-31 23:55:07.386  INFO 2522 --- [    Test worker] o.s.t.web.servlet.TestDispatcherServlet  : Initializing Servlet ''
2022-05-31 23:55:07.386  INFO 2522 --- [    Test worker] o.s.t.web.servlet.TestDispatcherServlet  : Completed initialization in 0 ms
2022-05-31 23:55:07.393  WARN 2522 --- [    Test worker] .w.s.m.s.DefaultHandlerExceptionResolver : Resolved [org.springframework.http.converter.HttpMessageNotReadableException: Required request body is missing: public com.mindex.challenge.data.Compensation com.mindex.challenge.controller.CompensationController.create(com.mindex.challenge.data.Compensation) throws com.mindex.challenge.exceptions.EmployeeException,com.mindex.challenge.exceptions.CompensationException]
2022-05-31 23:55:07.411  INFO 2522 --- [    Test worker] o.s.mock.web.MockServletContext          : Initializing Spring TestDispatcherServlet ''
2022-05-31 23:55:07.411  INFO 2522 --- [    Test worker] o.s.t.web.servlet.TestDispatcherServlet  : Initializing Servlet ''
2022-05-31 23:55:07.411  INFO 2522 --- [    Test worker] o.s.t.web.servlet.TestDispatcherServlet  : Completed initialization in 0 ms
2022-05-31 23:55:07.425 DEBUG 2522 --- [    Test worker] c.m.c.controller.CompensationController  : Received compensation create request for [com.mindex.challenge.data.Compensation@1101490e]
]]></system-out>
  <system-err><![CDATA[]]></system-err>
</testsuite>
